<?xml version="1.0" encoding="UTF-8"?>
<testng-results skipped="0" failed="0" ignored="0" total="1" passed="1">
  <reporter-output>
  </reporter-output>
  <suite name="Default suite" duration-ms="69" started-at="2019-03-16T20:53:04Z" finished-at="2019-03-16T20:53:04Z">
    <groups>
    </groups>
    <test name="Default test" duration-ms="69" started-at="2019-03-16T20:53:04Z" finished-at="2019-03-16T20:53:04Z">
      <class name="demo.TestNGParametersDemo">
        <test-method status="PASS" signature="test(java.lang.String)[pri:0, instance:demo.TestNGParametersDemo@3e6fa38a]" name="test" duration-ms="13" started-at="2019-03-16T20:53:04Z" finished-at="2019-03-16T20:53:04Z">
          <params>
            <param index="0">
              <value>
                <![CDATA[Manish]]>
              </value>
            </param>
          </params>
          <reporter-output>
          </reporter-output>
        </test-method> <!-- test -->
      </class> <!-- demo.TestNGParametersDemo -->
    </test> <!-- Default test -->
  </suite> <!-- Default suite -->
</testng-results>
